<?xml version="1.0" encoding="UTF-8"?>
<testng-results ignored="0" total="2" passed="2" failed="0" skipped="0">
  <reporter-output>
  </reporter-output>
  <suite started-at="2024-12-26T21:36:50 CET" name="Default suite" finished-at="2024-12-26T21:37:05 CET" duration-ms="15176">
    <groups>
    </groups>
    <test started-at="2024-12-26T21:36:50 CET" name="Default test" finished-at="2024-12-26T21:37:05 CET" duration-ms="15176">
      <class name="Tests.LoginTest">
        <test-method is-config="true" signature="setup()[pri:0, instance:Tests.LoginTest@740cae06]" started-at="2024-12-26T21:36:50 CET" name="setup" finished-at="2024-12-26T21:36:54 CET" duration-ms="4487" status="PASS">
          <reporter-output>
          </reporter-output>
        </test-method> <!-- setup -->
        <test-method signature="doLoginwithInvalidCredential()[pri:1, instance:Tests.LoginTest@740cae06]" started-at="2024-12-26T21:36:54 CET" name="doLoginwithInvalidCredential" finished-at="2024-12-26T21:36:58 CET" duration-ms="4160" status="PASS">
          <reporter-output>
          </reporter-output>
        </test-method> <!-- doLoginwithInvalidCredential -->
        <test-method signature="loginTestwithValidCredential()[pri:2, instance:Tests.LoginTest@740cae06]" started-at="2024-12-26T21:36:58 CET" name="loginTestwithValidCredential" finished-at="2024-12-26T21:36:59 CET" duration-ms="1154" status="PASS">
          <reporter-output>
          </reporter-output>
        </test-method> <!-- loginTestwithValidCredential -->
        <test-method is-config="true" signature="tearDown()[pri:0, instance:Tests.LoginTest@740cae06]" started-at="2024-12-26T21:36:59 CET" name="tearDown" finished-at="2024-12-26T21:37:05 CET" duration-ms="5333" status="PASS">
          <reporter-output>
          </reporter-output>
        </test-method> <!-- tearDown -->
      </class> <!-- Tests.LoginTest -->
    </test> <!-- Default test -->
  </suite> <!-- Default suite -->
</testng-results>
